#
# There is insufficient memory for the Java Runtime Environment to continue.
# Native memory allocation (malloc) failed to allocate 1150000 bytes for Chunk::new
# Possible reasons:
#   The system is out of physical RAM or swap space
#   The process is running with CompressedOops enabled, and the Java Heap may be blocking the growth of the native heap
# Possible solutions:
#   Reduce memory load on the system
#   Increase physical memory or swap space
#   Check if swap backing store is full
#   Decrease Java heap size (-Xmx/-Xms)
#   Decrease number of Java threads
#   Decrease Java thread stack sizes (-Xss)
#   Set larger code cache with -XX:ReservedCodeCacheSize=
#   JVM is running with Unscaled Compressed Oops mode in which the Java heap is
#     placed in the first 4GB address space. The Java Heap base address is the
#     maximum limit for the native heap growth. Please use -XX:HeapBaseMinAddress
#     to set the Java Heap base and to place the Java Heap above 4GB virtual address.
# This output file may be truncated or incomplete.
#
#  Out of Memory Error (arena.cpp:189), pid=20000, tid=22580
#
# JRE version: Java(TM) SE Runtime Environment (17.0.3.1+2) (build 17.0.3.1+2-LTS-6)
# Java VM: Java HotSpot(TM) 64-Bit Server VM (17.0.3.1+2-LTS-6, mixed mode, sharing, tiered, compressed oops, compressed class ptrs, g1 gc, windows-amd64)
# No core dump will be written. Minidumps are not enabled by default on client versions of Windows
#

---------------  S U M M A R Y ------------

Command Line: -XX:MaxMetaspaceSize=512m --add-opens=java.base/java.util=ALL-UNNAMED --add-opens=java.base/java.lang=ALL-UNNAMED --add-opens=java.base/java.lang.invoke=ALL-UNNAMED --add-opens=java.prefs/java.util.prefs=ALL-UNNAMED --add-opens=java.base/java.nio.charset=ALL-UNNAMED --add-opens=java.base/java.net=ALL-UNNAMED --add-opens=java.base/java.util.concurrent.atomic=ALL-UNNAMED -Xmx2048m -Dfile.encoding=windows-1252 -Duser.country=US -Duser.language=en -Duser.variant org.gradle.launcher.daemon.bootstrap.GradleDaemon 8.0.1

Host: AMD Ryzen 5 5500U with Radeon Graphics         , 12 cores, 7G,  Windows 11 , 64 bit Build 22621 (10.0.22621.3085)
Time: Fri Jun 28 22:13:31 2024 Sri Lanka Standard Time elapsed time: 12.108127 seconds (0d 0h 0m 12s)

---------------  T H R E A D  ---------------

Current thread (0x00000243fb0bbac0):  JavaThread "C2 CompilerThread1" daemon [_thread_in_native, id=22580, stack(0x000000ba26c00000,0x000000ba26d00000)]


Current CompileTask:
C2:  12108 5303       4       org.objectweb.asm.SymbolTable::addConstantMemberReference (147 bytes)

Stack: [0x000000ba26c00000,0x000000ba26d00000]
Native frames: (J=compiled Java code, j=interpreted, Vv=VM code, C=native code)
V  [jvm.dll+0x6711ba]
V  [jvm.dll+0x7d0834]
V  [jvm.dll+0x7d1fde]
V  [jvm.dll+0x7d2643]
V  [jvm.dll+0x242c85]
V  [jvm.dll+0xaa57b]
V  [jvm.dll+0xaab0c]
V  [jvm.dll+0x35ff77]
V  [jvm.dll+0x1b9ca8]
V  [jvm.dll+0x215eb9]
V  [jvm.dll+0x215181]
V  [jvm.dll+0x1a1c3d]
V  [jvm.dll+0x2249c8]
V  [jvm.dll+0x222b2c]
V  [jvm.dll+0x78650b]
V  [jvm.dll+0x780aca]
V  [jvm.dll+0x670045]
C  [ucrtbase.dll+0x29363]
C  [KERNEL32.DLL+0x1257d]
C  [ntdll.dll+0x5aa58]


---------------  P R O C E S S  ---------------

Threads class SMR info:
_java_thread_list=0x00000243fc35bf90, length=77, elements={
0x00000243d7f398f0, 0x00000243f6508c50, 0x00000243f6509ac0, 0x00000243f651e2a0,
0x00000243f651ee50, 0x00000243f6522920, 0x00000243f65252e0, 0x00000243f6528080,
0x00000243f6528b20, 0x00000243f652a430, 0x00000243f70e5af0, 0x00000243f70e6600,
0x00000243f882f040, 0x00000243f8b88a50, 0x00000243f8f29840, 0x00000243f808f7f0,
0x00000243f808eeb0, 0x00000243f8a9b390, 0x00000243f8b87040, 0x00000243f8f8d210,
0x00000243f8f8dbb0, 0x00000243f8f8cd40, 0x00000243f8f8d6e0, 0x00000243f8f8e080,
0x00000243f8f8bed0, 0x00000243f8f8b060, 0x00000243f8f8b530, 0x00000243f8f8c3a0,
0x00000243f8f8ba00, 0x00000243f8f8c870, 0x00000243f8cc2c20, 0x00000243f8cc3a90,
0x00000243f8cc2750, 0x00000243f8cc1410, 0x00000243f8cc4900, 0x00000243f8cbf730,
0x00000243f8cbed90, 0x00000243fb0bbac0, 0x00000243f8cbda50, 0x00000243f8cbdf20,
0x00000243f8cbd580, 0x00000243f8cbf260, 0x00000243f8cc35c0, 0x00000243f8cc4430,
0x00000243f8cc0f40, 0x00000243f8cc2280, 0x00000243fcab96f0, 0x00000243fcabcbe0,
0x00000243fcabc240, 0x00000243fcabd0b0, 0x00000243fcab9bc0, 0x00000243fcabc710,
0x00000243fcaba090, 0x00000243fcabb3d0, 0x00000243fcaba560, 0x00000243fcabaa30,
0x00000243fcabb8a0, 0x00000243fcabaf00, 0x00000243fcabbd70, 0x00000243fc20d7c0,
0x00000243fc20b610, 0x00000243fc20dc90, 0x00000243fc2107e0, 0x00000243fc209460,
0x00000243fc20ce20, 0x00000243fc20a2d0, 0x00000243fc20a7a0, 0x00000243fc20e160,
0x00000243fc20f970, 0x00000243fc208f90, 0x00000243fc20ac70, 0x00000243fc20d2f0,
0x00000243fc20c480, 0x00000243fc20bae0, 0x00000243fc209930, 0x00000243fb0ba170,
0x00000243fc20bfb0
}

Java Threads: ( => current thread )
  0x00000243d7f398f0 JavaThread "main" [_thread_blocked, id=25376, stack(0x000000ba25900000,0x000000ba25a00000)]
  0x00000243f6508c50 JavaThread "Reference Handler" daemon [_thread_blocked, id=4212, stack(0x000000ba26000000,0x000000ba26100000)]
  0x00000243f6509ac0 JavaThread "Finalizer" daemon [_thread_blocked, id=28748, stack(0x000000ba26100000,0x000000ba26200000)]
  0x00000243f651e2a0 JavaThread "Signal Dispatcher" daemon [_thread_blocked, id=25388, stack(0x000000ba26200000,0x000000ba26300000)]
  0x00000243f651ee50 JavaThread "Attach Listener" daemon [_thread_blocked, id=348, stack(0x000000ba26300000,0x000000ba26400000)]
  0x00000243f6522920 JavaThread "Service Thread" daemon [_thread_blocked, id=28484, stack(0x000000ba26400000,0x000000ba26500000)]
  0x00000243f65252e0 JavaThread "Monitor Deflation Thread" daemon [_thread_blocked, id=22096, stack(0x000000ba26500000,0x000000ba26600000)]
  0x00000243f6528080 JavaThread "C2 CompilerThread0" daemon [_thread_in_native, id=9276, stack(0x000000ba26600000,0x000000ba26700000)]
  0x00000243f6528b20 JavaThread "C1 CompilerThread0" daemon [_thread_blocked, id=21372, stack(0x000000ba26700000,0x000000ba26800000)]
  0x00000243f652a430 JavaThread "Sweeper thread" daemon [_thread_blocked, id=16716, stack(0x000000ba26800000,0x000000ba26900000)]
  0x00000243f70e5af0 JavaThread "Common-Cleaner" daemon [_thread_blocked, id=20596, stack(0x000000ba26900000,0x000000ba26a00000)]
  0x00000243f70e6600 JavaThread "Notification Thread" daemon [_thread_blocked, id=12524, stack(0x000000ba26a00000,0x000000ba26b00000)]
  0x00000243f882f040 JavaThread "Daemon health stats" [_thread_blocked, id=26084, stack(0x000000ba27200000,0x000000ba27300000)]
  0x00000243f8b88a50 JavaThread "Incoming local TCP Connector on port 7258" [_thread_in_native, id=1224, stack(0x000000ba27300000,0x000000ba27400000)]
  0x00000243f8f29840 JavaThread "Daemon periodic checks" [_thread_blocked, id=8856, stack(0x000000ba27400000,0x000000ba27500000)]
  0x00000243f808f7f0 JavaThread "Daemon" [_thread_blocked, id=24172, stack(0x000000ba27500000,0x000000ba27600000)]
  0x00000243f808eeb0 JavaThread "Handler for socket connection from /127.0.0.1:7258 to /127.0.0.1:7259" [_thread_in_native, id=29016, stack(0x000000ba27600000,0x000000ba27700000)]
  0x00000243f8a9b390 JavaThread "Cancel handler" [_thread_blocked, id=1984, stack(0x000000ba27700000,0x000000ba27800000)]
  0x00000243f8b87040 JavaThread "Daemon worker" [_thread_in_vm, id=15708, stack(0x000000ba27800000,0x000000ba27900000)]
  0x00000243f8f8d210 JavaThread "Asynchronous log dispatcher for DefaultDaemonConnection: socket connection from /127.0.0.1:7258 to /127.0.0.1:7259" [_thread_blocked, id=7812, stack(0x000000ba27900000,0x000000ba27a00000)]
  0x00000243f8f8dbb0 JavaThread "Stdin handler" [_thread_blocked, id=29948, stack(0x000000ba27a00000,0x000000ba27b00000)]
  0x00000243f8f8cd40 JavaThread "Daemon client event forwarder" [_thread_blocked, id=27736, stack(0x000000ba27b00000,0x000000ba27c00000)]
  0x00000243f8f8d6e0 JavaThread "Cache worker for journal cache (C:\Users\perer\.gradle\caches\journal-1)" [_thread_blocked, id=28712, stack(0x000000ba27c00000,0x000000ba27d00000)]
  0x00000243f8f8e080 JavaThread "File lock request listener" [_thread_in_native, id=28388, stack(0x000000ba27d00000,0x000000ba27e00000)]
  0x00000243f8f8bed0 JavaThread "Cache worker for file hash cache (C:\Users\perer\.gradle\caches\8.0.1\fileHashes)" [_thread_blocked, id=13120, stack(0x000000ba27e00000,0x000000ba27f00000)]
  0x00000243f8f8b060 JavaThread "File watcher server" daemon [_thread_in_native, id=19976, stack(0x000000ba28400000,0x000000ba28500000)]
  0x00000243f8f8b530 JavaThread "File watcher consumer" daemon [_thread_blocked, id=25380, stack(0x000000ba28500000,0x000000ba28600000)]
  0x00000243f8f8c3a0 JavaThread "Cache worker for checksums cache (C:\Users\perer\Downloads\Compressed\Coffee-Shop-App-main_2\Coffee-Shop-App-main\android\.gradle\8.0.1\checksums)" [_thread_blocked, id=17096, stack(0x000000ba27100000,0x000000ba27200000)]
  0x00000243f8f8ba00 JavaThread "Cache worker for cache directory md-rule (C:\Users\perer\.gradle\caches\8.0.1\md-rule)" [_thread_blocked, id=24728, stack(0x000000ba28600000,0x000000ba28700000)]
  0x00000243f8f8c870 JavaThread "Cache worker for file content cache (C:\Users\perer\.gradle\caches\8.0.1\fileContent)" [_thread_blocked, id=29848, stack(0x000000ba28700000,0x000000ba28800000)]
  0x00000243f8cc2c20 JavaThread "Cache worker for file hash cache (C:\Users\perer\Downloads\Compressed\Coffee-Shop-App-main_2\Coffee-Shop-App-main\android\.gradle\8.0.1\fileHashes)" [_thread_blocked, id=20656, stack(0x000000ba28800000,0x000000ba28900000)]
  0x00000243f8cc3a90 JavaThread "Cache worker for cache directory md-supplier (C:\Users\perer\.gradle\caches\8.0.1\md-supplier)" [_thread_blocked, id=10296, stack(0x000000ba28900000,0x000000ba28a00000)]
  0x00000243f8cc2750 JavaThread "Cache worker for execution history cache (C:\Users\perer\.gradle\caches\8.0.1\executionHistory)" [_thread_blocked, id=8564, stack(0x000000ba28c00000,0x000000ba28d00000)]
  0x00000243f8cc1410 JavaThread "jar transforms" [_thread_blocked, id=25068, stack(0x000000ba28e00000,0x000000ba28f00000)]
  0x00000243f8cc4900 JavaThread "jar transforms Thread 2" [_thread_blocked, id=25788, stack(0x000000ba28f00000,0x000000ba29000000)]
  0x00000243f8cbf730 JavaThread "jar transforms Thread 3" [_thread_blocked, id=30704, stack(0x000000ba29000000,0x000000ba29100000)]
  0x00000243f8cbed90 JavaThread "jar transforms Thread 4" [_thread_blocked, id=25548, stack(0x000000ba29100000,0x000000ba29200000)]
=>0x00000243fb0bbac0 JavaThread "C2 CompilerThread1" daemon [_thread_in_native, id=22580, stack(0x000000ba26c00000,0x000000ba26d00000)]
  0x00000243f8cbda50 JavaThread "Cache worker for kotlin-dsl (C:\Users\perer\.gradle\caches\8.0.1\kotlin-dsl)" [_thread_blocked, id=25020, stack(0x000000ba28d00000,0x000000ba28e00000)]
  0x00000243f8cbdf20 JavaThread "jar transforms Thread 5" [_thread_blocked, id=1512, stack(0x000000ba29300000,0x000000ba29400000)]
  0x00000243f8cbd580 JavaThread "jar transforms Thread 6" [_thread_blocked, id=16592, stack(0x000000ba29400000,0x000000ba29500000)]
  0x00000243f8cbf260 JavaThread "Cache worker for dependencies-accessors (C:\Users\perer\Downloads\Compressed\Coffee-Shop-App-main_2\Coffee-Shop-App-main\android\.gradle\8.0.1\dependencies-accessors)" [_thread_blocked, id=18096, stack(0x000000ba29500000,0x000000ba29600000)]
  0x00000243f8cc35c0 JavaThread "Cache worker for Build Output Cleanup Cache (C:\Users\perer\Downloads\Compressed\Coffee-Shop-App-main_2\Coffee-Shop-App-main\node_modules\@react-native\gradle-plugin\.gradle\buildOutputCleanup)" [_thread_blocked, id=26516, stack(0x000000ba29600000,0x000000ba29700000)]
  0x00000243f8cc4430 JavaThread "jar transforms Thread 7" [_thread_blocked, id=27128, stack(0x000000ba29700000,0x000000ba29800000)]
  0x00000243f8cc0f40 JavaThread "Unconstrained build operations" [_thread_blocked, id=1808, stack(0x000000ba29200000,0x000000ba29300000)]
  0x00000243f8cc2280 JavaThread "Unconstrained build operations Thread 2" [_thread_blocked, id=16772, stack(0x000000ba29800000,0x000000ba29900000)]
  0x00000243fcab96f0 JavaThread "Unconstrained build operations Thread 3" [_thread_blocked, id=7084, stack(0x000000ba29900000,0x000000ba29a00000)]
  0x00000243fcabcbe0 JavaThread "Unconstrained build operations Thread 4" [_thread_blocked, id=26416, stack(0x000000ba29a00000,0x000000ba29b00000)]
  0x00000243fcabc240 JavaThread "Unconstrained build operations Thread 5" [_thread_blocked, id=7680, stack(0x000000ba29b00000,0x000000ba29c00000)]
  0x00000243fcabd0b0 JavaThread "Unconstrained build operations Thread 6" [_thread_blocked, id=4048, stack(0x000000ba29c00000,0x000000ba29d00000)]
  0x00000243fcab9bc0 JavaThread "Unconstrained build operations Thread 7" [_thread_blocked, id=26468, stack(0x000000ba29d00000,0x000000ba29e00000)]
  0x00000243fcabc710 JavaThread "Unconstrained build operations Thread 8" [_thread_blocked, id=10052, stack(0x000000ba29e00000,0x000000ba29f00000)]
  0x00000243fcaba090 JavaThread "Unconstrained build operations Thread 9" [_thread_blocked, id=29708, stack(0x000000ba29f00000,0x000000ba2a000000)]
  0x00000243fcabb3d0 JavaThread "Unconstrained build operations Thread 10" [_thread_blocked, id=15396, stack(0x000000ba2a000000,0x000000ba2a100000)]
  0x00000243fcaba560 JavaThread "Unconstrained build operations Thread 11" [_thread_blocked, id=20172, stack(0x000000ba2a100000,0x000000ba2a200000)]
  0x00000243fcabaa30 JavaThread "Unconstrained build operations Thread 12" [_thread_blocked, id=23968, stack(0x000000ba2a200000,0x000000ba2a300000)]
  0x00000243fcabb8a0 JavaThread "Unconstrained build operations Thread 13" [_thread_blocked, id=3472, stack(0x000000ba2a300000,0x000000ba2a400000)]
  0x00000243fcabaf00 JavaThread "Unconstrained build operations Thread 14" [_thread_blocked, id=17076, stack(0x000000ba2a400000,0x000000ba2a500000)]
  0x00000243fcabbd70 JavaThread "Unconstrained build operations Thread 15" [_thread_blocked, id=13624, stack(0x000000ba2a500000,0x000000ba2a600000)]
  0x00000243fc20d7c0 JavaThread "Unconstrained build operations Thread 16" [_thread_blocked, id=28004, stack(0x000000ba2a600000,0x000000ba2a700000)]
  0x00000243fc20b610 JavaThread "Unconstrained build operations Thread 17" [_thread_blocked, id=16556, stack(0x000000ba2a700000,0x000000ba2a800000)]
  0x00000243fc20dc90 JavaThread "Unconstrained build operations Thread 18" [_thread_blocked, id=5556, stack(0x000000ba2a800000,0x000000ba2a900000)]
  0x00000243fc2107e0 JavaThread "Unconstrained build operations Thread 19" [_thread_blocked, id=27532, stack(0x000000ba2a900000,0x000000ba2aa00000)]
  0x00000243fc209460 JavaThread "Unconstrained build operations Thread 20" [_thread_blocked, id=22384, stack(0x000000ba2aa00000,0x000000ba2ab00000)]
  0x00000243fc20ce20 JavaThread "Unconstrained build operations Thread 21" [_thread_blocked, id=17936, stack(0x000000ba2ab00000,0x000000ba2ac00000)]
  0x00000243fc20a2d0 JavaThread "Unconstrained build operations Thread 22" [_thread_blocked, id=29676, stack(0x000000ba2ac00000,0x000000ba2ad00000)]
  0x00000243fc20a7a0 JavaThread "Unconstrained build operations Thread 23" [_thread_blocked, id=19888, stack(0x000000ba2ad00000,0x000000ba2ae00000)]
  0x00000243fc20e160 JavaThread "Unconstrained build operations Thread 24" [_thread_blocked, id=12928, stack(0x000000ba2ae00000,0x000000ba2af00000)]
  0x00000243fc20f970 JavaThread "Unconstrained build operations Thread 25" [_thread_blocked, id=6000, stack(0x000000ba2af00000,0x000000ba2b000000)]
  0x00000243fc208f90 JavaThread "Unconstrained build operations Thread 26" [_thread_blocked, id=15808, stack(0x000000ba2b000000,0x000000ba2b100000)]
  0x00000243fc20ac70 JavaThread "jar transforms Thread 8" [_thread_blocked, id=11388, stack(0x000000ba2b100000,0x000000ba2b200000)]
  0x00000243fc20d2f0 JavaThread "jar transforms Thread 9" [_thread_blocked, id=3644, stack(0x000000ba2b200000,0x000000ba2b300000)]
  0x00000243fc20c480 JavaThread "jar transforms Thread 10" [_thread_blocked, id=29204, stack(0x000000ba2b300000,0x000000ba2b400000)]
  0x00000243fc20bae0 JavaThread "jar transforms Thread 11" [_thread_blocked, id=1936, stack(0x000000ba2b400000,0x000000ba2b500000)]
  0x00000243fc209930 JavaThread "jar transforms Thread 12" [_thread_blocked, id=3392, stack(0x000000ba2b500000,0x000000ba2b600000)]
  0x00000243fb0ba170 JavaThread "C2 CompilerThread2" daemon [_thread_in_native, id=29032, stack(0x000000ba2b600000,0x000000ba2b700000)]
  0x00000243fc20bfb0 JavaThread "Memory manager" [_thread_blocked, id=7760, stack(0x000000ba2b700000,0x000000ba2b800000)]

Other Threads:
  0x00000243f6504040 VMThread "VM Thread" [stack: 0x000000ba25f00000,0x000000ba26000000] [id=7360]
  0x00000243d7fb9c10 WatcherThread [stack: 0x000000ba26b00000,0x000000ba26c00000] [id=30560]
  0x00000243d7f98260 GCTaskThread "GC Thread#0" [stack: 0x000000ba25a00000,0x000000ba25b00000] [id=23008]
  0x00000243f7743780 GCTaskThread "GC Thread#1" [stack: 0x000000ba26e00000,0x000000ba26f00000] [id=8160]
  0x00000243f7bb02e0 GCTaskThread "GC Thread#2" [stack: 0x000000ba26f00000,0x000000ba27000000] [id=26184]
  0x00000243f7c4add0 GCTaskThread "GC Thread#3" [stack: 0x000000ba27000000,0x000000ba27100000] [id=30208]
  0x00000243f7fefd10 GCTaskThread "GC Thread#4" [stack: 0x000000ba26d00000,0x000000ba26e00000] [id=29832]
  0x00000243f85e8ac0 GCTaskThread "GC Thread#5" [stack: 0x000000ba27f00000,0x000000ba28000000] [id=25472]
  0x00000243f8872c30 GCTaskThread "GC Thread#6" [stack: 0x000000ba28000000,0x000000ba28100000] [id=6544]
  0x00000243f8a9b860 GCTaskThread "GC Thread#7" [stack: 0x000000ba28100000,0x000000ba28200000] [id=10308]
  0x00000243faff5460 GCTaskThread "GC Thread#8" [stack: 0x000000ba28200000,0x000000ba28300000] [id=30548]
  0x00000243f85e2730 GCTaskThread "GC Thread#9" [stack: 0x000000ba28300000,0x000000ba28400000] [id=10592]
  0x00000243d7fa91a0 ConcurrentGCThread "G1 Main Marker" [stack: 0x000000ba25b00000,0x000000ba25c00000] [id=6848]
  0x00000243d7fa9bb0 ConcurrentGCThread "G1 Conc#0" [stack: 0x000000ba25c00000,0x000000ba25d00000] [id=30016]
  0x00000243fd229410 ConcurrentGCThread "G1 Conc#1" [stack: 0x000000ba28a00000,0x000000ba28b00000] [id=5040]
  0x00000243f9ad1690 ConcurrentGCThread "G1 Conc#2" [stack: 0x000000ba28b00000,0x000000ba28c00000] [id=17172]
  0x00000243d7ffea90 ConcurrentGCThread "G1 Refine#0" [stack: 0x000000ba25d00000,0x000000ba25e00000] [id=10676]
  0x00000243f63c2610 ConcurrentGCThread "G1 Service" [stack: 0x000000ba25e00000,0x000000ba25f00000] [id=5612]

Threads with active compile tasks:
C2 CompilerThread0    12137 5352       4       org.objectweb.asm.MethodWriter::computeAllFrames (510 bytes)
C2 CompilerThread1    12137 5303       4       org.objectweb.asm.SymbolTable::addConstantMemberReference (147 bytes)
C2 CompilerThread2    12137 5389       4       org.objectweb.asm.Frame::accept (264 bytes)

VM state: not at safepoint (normal execution)

VM Mutex/Monitor currently owned by a thread:  ([mutex/lock_event])
[0x00000243d7f35310] SystemDictionary_lock - owner thread: 0x0000000000000000

Heap address: 0x0000000080000000, size: 2048 MB, Compressed Oops mode: 32-bit

CDS archive(s) mapped at: [0x0000000800000000-0x0000000800bc0000-0x0000000800bc0000), size 12320768, SharedBaseAddress: 0x0000000800000000, ArchiveRelocationMode: 0.
Compressed class space mapped at: 0x0000000800c00000-0x000000081a800000, reserved size: 432013312
Narrow klass base: 0x0000000800000000, Narrow klass shift: 0, Narrow klass range: 0x100000000

GC Precious Log:
 CPUs: 12 total, 12 available
 Memory: 7561M
 Large Page Support: Disabled
 NUMA Support: Disabled
 Compressed Oops: Enabled (32-bit)
 Heap Region Size: 1M
 Heap Min Capacity: 8M
 Heap Initial Capacity: 120M
 Heap Max Capacity: 2G
 Pre-touch: Disabled
 Parallel Workers: 10
 Concurrent Workers: 3
 Concurrent Refinement Workers: 10
 Periodic GC: Disabled

Heap:
 garbage-first heap   total 86016K, used 50836K [0x0000000080000000, 0x0000000100000000)
  region size 1024K, 9 young (9216K), 4 survivors (4096K)
 Metaspace       used 46694K, committed 47360K, reserved 462848K
  class space    used 6538K, committed 6848K, reserved 421888K

Heap Regions: E=young(eden), S=young(survivor), O=old, HS=humongous(starts), HC=humongous(continues), CS=collection set, F=free, OA=open archive, CA=closed archive, TAMS=top-at-mark-start (previous, next)
|   0|0x0000000080000000, 0x0000000080100000, 0x0000000080100000|100%|HS|  |TAMS 0x0000000080100000, 0x0000000080100000| Complete 
|   1|0x0000000080100000, 0x0000000080200000, 0x0000000080200000|100%|HC|  |TAMS 0x0000000080200000, 0x0000000080200000| Complete 
|   2|0x0000000080200000, 0x0000000080300000, 0x0000000080300000|100%|HC|  |TAMS 0x0000000080300000, 0x0000000080300000| Complete 
|   3|0x0000000080300000, 0x0000000080400000, 0x0000000080400000|100%|HC|  |TAMS 0x0000000080400000, 0x0000000080400000| Complete 
|   4|0x0000000080400000, 0x0000000080500000, 0x0000000080500000|100%| O|  |TAMS 0x0000000080500000, 0x0000000080500000| Untracked 
|   5|0x0000000080500000, 0x0000000080600000, 0x0000000080600000|100%| O|  |TAMS 0x0000000080600000, 0x0000000080600000| Untracked 
|   6|0x0000000080600000, 0x0000000080700000, 0x0000000080700000|100%| O|  |TAMS 0x0000000080700000, 0x0000000080700000| Untracked 
|   7|0x0000000080700000, 0x0000000080800000, 0x0000000080800000|100%| O|  |TAMS 0x0000000080800000, 0x0000000080800000| Untracked 
|   8|0x0000000080800000, 0x0000000080900000, 0x0000000080900000|100%| O|  |TAMS 0x0000000080900000, 0x0000000080900000| Untracked 
|   9|0x0000000080900000, 0x0000000080a00000, 0x0000000080a00000|100%| O|  |TAMS 0x0000000080a00000, 0x0000000080a00000| Untracked 
|  10|0x0000000080a00000, 0x0000000080b00000, 0x0000000080b00000|100%| O|  |TAMS 0x0000000080b00000, 0x0000000080b00000| Untracked 
|  11|0x0000000080b00000, 0x0000000080c00000, 0x0000000080c00000|100%| O|  |TAMS 0x0000000080c00000, 0x0000000080c00000| Untracked 
|  12|0x0000000080c00000, 0x0000000080d00000, 0x0000000080d00000|100%| O|  |TAMS 0x0000000080d00000, 0x0000000080d00000| Untracked 
|  13|0x0000000080d00000, 0x0000000080e00000, 0x0000000080e00000|100%| O|  |TAMS 0x0000000080e00000, 0x0000000080e00000| Untracked 
|  14|0x0000000080e00000, 0x0000000080f00000, 0x0000000080f00000|100%| O|  |TAMS 0x0000000080f00000, 0x0000000080f00000| Untracked 
|  15|0x0000000080f00000, 0x0000000081000000, 0x0000000081000000|100%| O|  |TAMS 0x0000000081000000, 0x0000000081000000| Untracked 
|  16|0x0000000081000000, 0x0000000081100000, 0x0000000081100000|100%| O|  |TAMS 0x0000000081100000, 0x0000000081100000| Untracked 
|  17|0x0000000081100000, 0x0000000081200000, 0x0000000081200000|100%| O|  |TAMS 0x0000000081200000, 0x0000000081200000| Untracked 
|  18|0x0000000081200000, 0x0000000081300000, 0x0000000081300000|100%| O|  |TAMS 0x0000000081300000, 0x0000000081300000| Untracked 
|  19|0x0000000081300000, 0x0000000081400000, 0x0000000081400000|100%| O|  |TAMS 0x0000000081400000, 0x0000000081400000| Untracked 
|  20|0x0000000081400000, 0x000000008141fe00, 0x0000000081500000| 12%| O|  |TAMS 0x000000008141fe00, 0x000000008141fe00| Untracked 
|  21|0x0000000081500000, 0x0000000081600000, 0x0000000081600000|100%| O|  |TAMS 0x0000000081600000, 0x0000000081600000| Untracked 
|  22|0x0000000081600000, 0x0000000081700000, 0x0000000081700000|100%| O|  |TAMS 0x0000000081700000, 0x0000000081700000| Untracked 
|  23|0x0000000081700000, 0x0000000081800000, 0x0000000081800000|100%| O|  |TAMS 0x0000000081800000, 0x0000000081800000| Untracked 
|  24|0x0000000081800000, 0x0000000081900000, 0x0000000081900000|100%| O|  |TAMS 0x00000000818aba00, 0x0000000081900000| Untracked 
|  25|0x0000000081900000, 0x0000000081a00000, 0x0000000081a00000|100%| O|  |TAMS 0x0000000081a00000, 0x0000000081a00000| Untracked 
|  26|0x0000000081a00000, 0x0000000081b00000, 0x0000000081b00000|100%| O|  |TAMS 0x0000000081b00000, 0x0000000081b00000| Untracked 
|  27|0x0000000081b00000, 0x0000000081c00000, 0x0000000081c00000|100%| O|  |TAMS 0x0000000081b00000, 0x0000000081c00000| Untracked 
|  28|0x0000000081c00000, 0x0000000081d00000, 0x0000000081d00000|100%| O|  |TAMS 0x0000000081c00000, 0x0000000081c59400| Untracked 
|  29|0x0000000081d00000, 0x0000000081e00000, 0x0000000081e00000|100%|HS|  |TAMS 0x0000000081d00000, 0x0000000081e00000| Complete 
|  30|0x0000000081e00000, 0x0000000081f00000, 0x0000000081f00000|100%|HC|  |TAMS 0x0000000081e00000, 0x0000000081f00000| Complete 
|  31|0x0000000081f00000, 0x0000000082000000, 0x0000000082000000|100%| O|  |TAMS 0x0000000081f00000, 0x0000000081f00000| Untracked 
|  32|0x0000000082000000, 0x0000000082100000, 0x0000000082100000|100%| O|  |TAMS 0x0000000082000000, 0x0000000082000000| Untracked 
|  33|0x0000000082100000, 0x0000000082200000, 0x0000000082200000|100%| O|  |TAMS 0x0000000082100000, 0x0000000082100000| Untracked 
|  34|0x0000000082200000, 0x0000000082300000, 0x0000000082300000|100%| O|  |TAMS 0x0000000082300000, 0x0000000082300000| Untracked 
|  35|0x0000000082300000, 0x0000000082400000, 0x0000000082400000|100%| O|  |TAMS 0x0000000082400000, 0x0000000082400000| Untracked 
|  36|0x0000000082400000, 0x0000000082500000, 0x0000000082500000|100%| O|  |TAMS 0x0000000082500000, 0x0000000082500000| Untracked 
|  37|0x0000000082500000, 0x0000000082600000, 0x0000000082600000|100%| O|  |TAMS 0x0000000082600000, 0x0000000082600000| Untracked 
|  38|0x0000000082600000, 0x0000000082700000, 0x0000000082700000|100%|HS|  |TAMS 0x0000000082600000, 0x0000000082600000| Complete 
|  39|0x0000000082700000, 0x0000000082800000, 0x0000000082800000|100%|HC|  |TAMS 0x0000000082700000, 0x0000000082700000| Complete 
|  40|0x0000000082800000, 0x0000000082900000, 0x0000000082900000|100%|HC|  |TAMS 0x0000000082800000, 0x0000000082800000| Complete 
|  41|0x0000000082900000, 0x0000000082a00000, 0x0000000082a00000|100%|HC|  |TAMS 0x0000000082900000, 0x0000000082900000| Complete 
|  42|0x0000000082a00000, 0x0000000082b00000, 0x0000000082b00000|100%| O|  |TAMS 0x0000000082a00000, 0x0000000082a00000| Untracked 
|  43|0x0000000082b00000, 0x0000000082b64e00, 0x0000000082c00000| 39%| O|  |TAMS 0x0000000082b00000, 0x0000000082b00000| Untracked 
|  44|0x0000000082c00000, 0x0000000082c00000, 0x0000000082d00000|  0%| F|  |TAMS 0x0000000082c00000, 0x0000000082c00000| Untracked 
|  45|0x0000000082d00000, 0x0000000082d00000, 0x0000000082e00000|  0%| F|  |TAMS 0x0000000082d00000, 0x0000000082d00000| Untracked 
|  46|0x0000000082e00000, 0x0000000082e00000, 0x0000000082f00000|  0%| F|  |TAMS 0x0000000082e00000, 0x0000000082e00000| Untracked 
|  47|0x0000000082f00000, 0x0000000082f00000, 0x0000000083000000|  0%| F|  |TAMS 0x0000000082f00000, 0x0000000082f00000| Untracked 
|  48|0x0000000083000000, 0x0000000083020480, 0x0000000083100000| 12%| S|CS|TAMS 0x0000000083000000, 0x0000000083000000| Complete 
|  49|0x0000000083100000, 0x0000000083200000, 0x0000000083200000|100%| S|CS|TAMS 0x0000000083100000, 0x0000000083100000| Complete 
|  50|0x0000000083200000, 0x0000000083200000, 0x0000000083300000|  0%| F|  |TAMS 0x0000000083200000, 0x0000000083200000| Untracked 
|  51|0x0000000083300000, 0x0000000083300000, 0x0000000083400000|  0%| F|  |TAMS 0x0000000083300000, 0x0000000083300000| Untracked 
|  52|0x0000000083400000, 0x0000000083400000, 0x0000000083500000|  0%| F|  |TAMS 0x0000000083400000, 0x0000000083400000| Untracked 
|  53|0x0000000083500000, 0x0000000083500000, 0x0000000083600000|  0%| F|  |TAMS 0x0000000083500000, 0x0000000083500000| Untracked 
|  54|0x0000000083600000, 0x0000000083600000, 0x0000000083700000|  0%| F|  |TAMS 0x0000000083600000, 0x0000000083600000| Untracked 
|  55|0x0000000083700000, 0x0000000083800000, 0x0000000083800000|100%| S|CS|TAMS 0x0000000083700000, 0x0000000083700000| Complete 
|  56|0x0000000083800000, 0x0000000083900000, 0x0000000083900000|100%| S|CS|TAMS 0x0000000083800000, 0x0000000083800000| Complete 
|  57|0x0000000083900000, 0x0000000083900000, 0x0000000083a00000|  0%| F|  |TAMS 0x0000000083900000, 0x0000000083900000| Untracked 
|  58|0x0000000083a00000, 0x0000000083a00000, 0x0000000083b00000|  0%| F|  |TAMS 0x0000000083a00000, 0x0000000083a00000| Untracked 
|  59|0x0000000083b00000, 0x0000000083b00000, 0x0000000083c00000|  0%| F|  |TAMS 0x0000000083b00000, 0x0000000083b00000| Untracked 
|  60|0x0000000083c00000, 0x0000000083c00000, 0x0000000083d00000|  0%| F|  |TAMS 0x0000000083c00000, 0x0000000083c00000| Untracked 
|  61|0x0000000083d00000, 0x0000000083d00000, 0x0000000083e00000|  0%| F|  |TAMS 0x0000000083d00000, 0x0000000083d00000| Untracked 
|  62|0x0000000083e00000, 0x0000000083e00000, 0x0000000083f00000|  0%| F|  |TAMS 0x0000000083e00000, 0x0000000083e00000| Untracked 
|  63|0x0000000083f00000, 0x0000000083f00000, 0x0000000084000000|  0%| F|  |TAMS 0x0000000083f00000, 0x0000000083f00000| Untracked 
|  64|0x0000000084000000, 0x0000000084000000, 0x0000000084100000|  0%| F|  |TAMS 0x0000000084000000, 0x0000000084000000| Untracked 
|  65|0x0000000084100000, 0x0000000084100000, 0x0000000084200000|  0%| F|  |TAMS 0x0000000084100000, 0x0000000084100000| Untracked 
|  66|0x0000000084200000, 0x0000000084200000, 0x0000000084300000|  0%| F|  |TAMS 0x0000000084200000, 0x0000000084200000| Untracked 
|  67|0x0000000084300000, 0x0000000084300000, 0x0000000084400000|  0%| F|  |TAMS 0x0000000084300000, 0x0000000084300000| Untracked 
|  68|0x0000000084400000, 0x0000000084400000, 0x0000000084500000|  0%| F|  |TAMS 0x0000000084400000, 0x0000000084400000| Untracked 
|  69|0x0000000084500000, 0x0000000084500000, 0x0000000084600000|  0%| F|  |TAMS 0x0000000084500000, 0x0000000084500000| Untracked 
|  70|0x0000000084600000, 0x0000000084600000, 0x0000000084700000|  0%| F|  |TAMS 0x0000000084600000, 0x0000000084600000| Untracked 
|  71|0x0000000084700000, 0x0000000084700000, 0x0000000084800000|  0%| F|  |TAMS 0x0000000084700000, 0x0000000084700000| Untracked 
|  72|0x0000000084800000, 0x0000000084800000, 0x0000000084900000|  0%| F|  |TAMS 0x0000000084800000, 0x0000000084800000| Untracked 
|  73|0x0000000084900000, 0x0000000084900000, 0x0000000084a00000|  0%| F|  |TAMS 0x0000000084900000, 0x0000000084900000| Untracked 
|  74|0x0000000084a00000, 0x0000000084a00000, 0x0000000084b00000|  0%| F|  |TAMS 0x0000000084a00000, 0x0000000084a00000| Untracked 
|  75|0x0000000084b00000, 0x0000000084b00000, 0x0000000084c00000|  0%| F|  |TAMS 0x0000000084b00000, 0x0000000084b00000| Untracked 
|  76|0x0000000084c00000, 0x0000000084c00000, 0x0000000084d00000|  0%| F|  |TAMS 0x0000000084c00000, 0x0000000084c00000| Untracked 
|  77|0x0000000084d00000, 0x0000000084d00000, 0x0000000084e00000|  0%| F|  |TAMS 0x0000000084d00000, 0x0000000084d00000| Untracked 
|  78|0x0000000084e00000, 0x0000000084e00000, 0x0000000084f00000|  0%| F|  |TAMS 0x0000000084e00000, 0x0000000084e00000| Untracked 
|  79|0x0000000084f00000, 0x0000000084f64ee8, 0x0000000085000000| 39%| E|  |TAMS 0x0000000084f00000, 0x0000000084f00000| Complete 
|  84|0x0000000085400000, 0x0000000085500000, 0x0000000085500000|100%| E|CS|TAMS 0x0000000085400000, 0x0000000085400000| Complete 
|  85|0x0000000085500000, 0x0000000085600000, 0x0000000085600000|100%| E|CS|TAMS 0x0000000085500000, 0x0000000085500000| Complete 
|  86|0x0000000085600000, 0x0000000085700000, 0x0000000085700000|100%| E|CS|TAMS 0x0000000085600000, 0x0000000085600000| Complete 
| 119|0x0000000087700000, 0x0000000087800000, 0x0000000087800000|100%| E|CS|TAMS 0x0000000087700000, 0x0000000087700000| Complete 

Card table byte_map: [0x00000243ef0f0000,0x00000243ef4f0000] _byte_map_base: 0x00000243eecf0000

Marking Bits (Prev, Next): (CMBitMap*) 0x00000243d7f98870, (CMBitMap*) 0x00000243d7f988b0
 Prev Bits: [0x00000243ef8f0000, 0x00000243f18f0000)
 Next Bits: [0x00000243f18f0000, 0x00000243f38f0000)

Polling page: 0x00000243d5ea0000

Metaspace:

Usage:
  Non-class:     39.22 MB used.
      Class:      6.39 MB used.
       Both:     45.61 MB used.

Virtual space:
  Non-class space:       40.00 MB reserved,      39.56 MB ( 99%) committed,  5 nodes.
      Class space:      412.00 MB reserved,       6.69 MB (  2%) committed,  1 nodes.
             Both:      452.00 MB reserved,      46.25 MB ( 10%) committed. 

Chunk freelists:
   Non-Class:  160.00 KB
       Class:  1.30 MB
        Both:  1.45 MB

MaxMetaspaceSize: 512.00 MB
CompressedClassSpaceSize: 412.00 MB
Initial GC threshold: 21.00 MB
Current GC threshold: 59.00 MB
CDS: on
MetaspaceReclaimPolicy: balanced
 - commit_granule_bytes: 65536.
 - commit_granule_words: 8192.
 - virtual_space_node_default_size: 1048576.
 - enlarge_chunks_in_place: 1.
 - new_chunks_are_fully_committed: 0.
 - uncommit_free_chunks: 1.
 - use_allocation_guard: 0.
 - handle_deallocations: 1.


Internal statistics:

num_allocs_failed_limit: 6.
num_arena_births: 634.
num_arena_deaths: 0.
num_vsnodes_births: 6.
num_vsnodes_deaths: 0.
num_space_committed: 740.
num_space_uncommitted: 0.
num_chunks_returned_to_freelist: 6.
num_chunks_taken_from_freelist: 2411.
num_chunk_merges: 6.
num_chunk_splits: 1625.
num_chunks_enlarged: 1111.
num_purges: 0.
num_inconsistent_stats: 0.

CodeHeap 'non-profiled nmethods': size=120000Kb used=2623Kb max_used=3356Kb free=117376Kb
 bounds [0x00000243e7270000, 0x00000243e75c0000, 0x00000243ee7a0000]
CodeHeap 'profiled nmethods': size=120000Kb used=8937Kb max_used=10616Kb free=111063Kb
 bounds [0x00000243dfd40000, 0x00000243e07a0000, 0x00000243e7270000]
CodeHeap 'non-nmethods': size=5760Kb used=2334Kb max_used=2385Kb free=3425Kb
 bounds [0x00000243df7a0000, 0x00000243dfa10000, 0x00000243dfd40000]
 total_blobs=5461 nmethods=4607 adapters=766
 compilation: enabled
              stopped_count=0, restarted_count=0
 full_count=0

Compilation events (20 events):
Event: 12.033 Thread 0x00000243f6528b20 nmethod 5379 0x00000243e0180c10 code [0x00000243e0180dc0, 0x00000243e01810b8]
Event: 12.033 Thread 0x00000243f6528b20 5380       3       com.google.common.collect.ImmutableSet$Builder::build (32 bytes)
Event: 12.034 Thread 0x00000243f6528b20 nmethod 5380 0x00000243e000fa90 code [0x00000243e000fc60, 0x00000243e00100c8]
Event: 12.034 Thread 0x00000243f6528b20 5381       3       jdk.internal.reflect.ClassFileAssembler::emitConstantPoolClass (23 bytes)
Event: 12.034 Thread 0x00000243f6528b20 nmethod 5381 0x00000243dfe67510 code [0x00000243dfe67700, 0x00000243dfe67b68]
Event: 12.036 Thread 0x00000243f6528b20 5382       3       java.lang.reflect.Constructor::getGenericParameterTypes (5 bytes)
Event: 12.037 Thread 0x00000243f6528b20 nmethod 5382 0x00000243e01c1290 code [0x00000243e01c1520, 0x00000243e01c2518]
Event: 12.040 Thread 0x00000243f6528b20 5383       3       java.lang.reflect.Executable::getDeclaredAnnotations (8 bytes)
Event: 12.040 Thread 0x00000243f6528b20 nmethod 5383 0x00000243e0302f90 code [0x00000243e0303160, 0x00000243e03035a8]
Event: 12.046 Thread 0x00000243fb0ba170 nmethod 5343 0x00000243e72bfb10 code [0x00000243e72bff00, 0x00000243e72c2190]
Event: 12.047 Thread 0x00000243fb0ba170 5361       4       org.objectweb.asm.SymbolTable::addConstantUtf8 (98 bytes)
Event: 12.079 Thread 0x00000243f6528080 nmethod 5317 0x00000243e74dd210 code [0x00000243e74dd4c0, 0x00000243e74e06d0]
Event: 12.079 Thread 0x00000243f6528080 5352       4       org.objectweb.asm.MethodWriter::computeAllFrames (510 bytes)
Event: 12.091 Thread 0x00000243fb0ba170 nmethod 5361 0x00000243e732f610 code [0x00000243e732f820, 0x00000243e7330a60]
Event: 12.091 Thread 0x00000243fb0ba170 5372       4       jdk.internal.org.objectweb.asm.Label::resolve (219 bytes)
Event: 12.094 Thread 0x00000243fb0ba170 nmethod 5372 0x00000243e72bf410 code [0x00000243e72bf5a0, 0x00000243e72bf858]
Event: 12.094 Thread 0x00000243fb0ba170 5384       4       java.security.SecureClassLoader::getProtectionDomain (38 bytes)
Event: 12.096 Thread 0x00000243fb0ba170 nmethod 5384 0x00000243e7501290 code [0x00000243e7501440, 0x00000243e7501648]
Event: 12.097 Thread 0x00000243fb0ba170 5373       4       org.gradle.internal.instantiation.generator.AsmBackedClassGenerator::access$8100 (4 bytes)
Event: 12.097 Thread 0x00000243fb0ba170 nmethod 5373 0x00000243e732f310 code [0x00000243e732f480, 0x00000243e732f4d8]

GC Heap History (20 events):
Event: 1.340 GC heap before
{Heap before GC invocations=1 (full 0):
 garbage-first heap   total 122880K, used 39770K [0x0000000080000000, 0x0000000100000000)
  region size 1024K, 31 young (31744K), 3 survivors (3072K)
 Metaspace       used 3924K, committed 4096K, reserved 430080K
  class space    used 475K, committed 576K, reserved 421888K
}
Event: 1.349 GC heap after
{Heap after GC invocations=2 (full 0):
 garbage-first heap   total 122880K, used 14358K [0x0000000080000000, 0x0000000100000000)
  region size 1024K, 4 young (4096K), 4 survivors (4096K)
 Metaspace       used 3924K, committed 4096K, reserved 430080K
  class space    used 475K, committed 576K, reserved 421888K
}
Event: 3.488 GC heap before
{Heap before GC invocations=2 (full 0):
 garbage-first heap   total 122880K, used 83990K [0x0000000080000000, 0x0000000100000000)
  region size 1024K, 72 young (73728K), 4 survivors (4096K)
 Metaspace       used 16530K, committed 16896K, reserved 438272K
  class space    used 2408K, committed 2560K, reserved 421888K
}
Event: 3.496 GC heap after
{Heap after GC invocations=3 (full 0):
 garbage-first heap   total 122880K, used 20600K [0x0000000080000000, 0x0000000100000000)
  region size 1024K, 9 young (9216K), 9 survivors (9216K)
 Metaspace       used 16530K, committed 16896K, reserved 438272K
  class space    used 2408K, committed 2560K, reserved 421888K
}
Event: 4.104 GC heap before
{Heap before GC invocations=3 (full 0):
 garbage-first heap   total 122880K, used 53368K [0x0000000080000000, 0x0000000100000000)
  region size 1024K, 42 young (43008K), 9 survivors (9216K)
 Metaspace       used 21251K, committed 21504K, reserved 446464K
  class space    used 3146K, committed 3264K, reserved 421888K
}
Event: 4.109 GC heap after
{Heap after GC invocations=4 (full 0):
 garbage-first heap   total 122880K, used 22838K [0x0000000080000000, 0x0000000100000000)
  region size 1024K, 3 young (3072K), 3 survivors (3072K)
 Metaspace       used 21251K, committed 21504K, reserved 446464K
  class space    used 3146K, committed 3264K, reserved 421888K
}
Event: 4.898 GC heap before
{Heap before GC invocations=5 (full 0):
 garbage-first heap   total 86016K, used 70966K [0x0000000080000000, 0x0000000100000000)
  region size 1024K, 50 young (51200K), 3 survivors (3072K)
 Metaspace       used 28688K, committed 28992K, reserved 454656K
  class space    used 4033K, committed 4160K, reserved 421888K
}
Event: 4.904 GC heap after
{Heap after GC invocations=6 (full 0):
 garbage-first heap   total 86016K, used 28330K [0x0000000080000000, 0x0000000100000000)
  region size 1024K, 7 young (7168K), 7 survivors (7168K)
 Metaspace       used 28688K, committed 28992K, reserved 454656K
  class space    used 4033K, committed 4160K, reserved 421888K
}
Event: 5.401 GC heap before
{Heap before GC invocations=6 (full 0):
 garbage-first heap   total 86016K, used 63146K [0x0000000080000000, 0x0000000100000000)
  region size 1024K, 39 young (39936K), 7 survivors (7168K)
 Metaspace       used 31783K, committed 32128K, reserved 454656K
  class space    used 4381K, committed 4544K, reserved 421888K
}
Event: 5.406 GC heap after
{Heap after GC invocations=7 (full 0):
 garbage-first heap   total 86016K, used 30886K [0x0000000080000000, 0x0000000100000000)
  region size 1024K, 4 young (4096K), 4 survivors (4096K)
 Metaspace       used 31783K, committed 32128K, reserved 454656K
  class space    used 4381K, committed 4544K, reserved 421888K
}
Event: 9.362 GC heap before
{Heap before GC invocations=7 (full 0):
 garbage-first heap   total 86016K, used 61606K [0x0000000080000000, 0x0000000100000000)
  region size 1024K, 34 young (34816K), 4 survivors (4096K)
 Metaspace       used 33559K, committed 34048K, reserved 454656K
  class space    used 4655K, committed 4864K, reserved 421888K
}
Event: 9.367 GC heap after
{Heap after GC invocations=8 (full 0):
 garbage-first heap   total 86016K, used 32463K [0x0000000080000000, 0x0000000100000000)
  region size 1024K, 2 young (2048K), 2 survivors (2048K)
 Metaspace       used 33559K, committed 34048K, reserved 454656K
  class space    used 4655K, committed 4864K, reserved 421888K
}
Event: 9.749 GC heap before
{Heap before GC invocations=8 (full 0):
 garbage-first heap   total 86016K, used 47823K [0x0000000080000000, 0x0000000100000000)
  region size 1024K, 18 young (18432K), 2 survivors (2048K)
 Metaspace       used 35654K, committed 36096K, reserved 454656K
  class space    used 4884K, committed 5056K, reserved 421888K
}
Event: 9.752 GC heap after
{Heap after GC invocations=9 (full 0):
 garbage-first heap   total 86016K, used 33435K [0x0000000080000000, 0x0000000100000000)
  region size 1024K, 3 young (3072K), 3 survivors (3072K)
 Metaspace       used 35654K, committed 36096K, reserved 454656K
  class space    used 4884K, committed 5056K, reserved 421888K
}
Event: 10.637 GC heap before
{Heap before GC invocations=10 (full 0):
 garbage-first heap   total 86016K, used 65179K [0x0000000080000000, 0x0000000100000000)
  region size 1024K, 34 young (34816K), 3 survivors (3072K)
 Metaspace       used 39419K, committed 39872K, reserved 462848K
  class space    used 5504K, committed 5696K, reserved 421888K
}
Event: 10.640 GC heap after
{Heap after GC invocations=11 (full 0):
 garbage-first heap   total 86016K, used 35300K [0x0000000080000000, 0x0000000100000000)
  region size 1024K, 3 young (3072K), 3 survivors (3072K)
 Metaspace       used 39419K, committed 39872K, reserved 462848K
  class space    used 5504K, committed 5696K, reserved 421888K
}
Event: 11.330 GC heap before
{Heap before GC invocations=11 (full 0):
 garbage-first heap   total 86016K, used 66020K [0x0000000080000000, 0x0000000100000000)
  region size 1024K, 32 young (32768K), 3 survivors (3072K)
 Metaspace       used 42218K, committed 42752K, reserved 462848K
  class space    used 5909K, committed 6144K, reserved 421888K
}
Event: 11.334 GC heap after
{Heap after GC invocations=12 (full 0):
 garbage-first heap   total 86016K, used 39559K [0x0000000080000000, 0x0000000100000000)
  region size 1024K, 5 young (5120K), 5 survivors (5120K)
 Metaspace       used 42218K, committed 42752K, reserved 462848K
  class space    used 5909K, committed 6144K, reserved 421888K
}
Event: 12.012 GC heap before
{Heap before GC invocations=12 (full 0):
 garbage-first heap   total 86016K, used 70279K [0x0000000080000000, 0x0000000100000000)
  region size 1024K, 32 young (32768K), 5 survivors (5120K)
 Metaspace       used 46144K, committed 46784K, reserved 462848K
  class space    used 6446K, committed 6784K, reserved 421888K
}
Event: 12.016 GC heap after
{Heap after GC invocations=13 (full 0):
 garbage-first heap   total 86016K, used 46740K [0x0000000080000000, 0x0000000100000000)
  region size 1024K, 4 young (4096K), 4 survivors (4096K)
 Metaspace       used 46144K, committed 46784K, reserved 462848K
  class space    used 6446K, committed 6784K, reserved 421888K
}

Deoptimization events (20 events):
Event: 11.756 Thread 0x00000243f8b87040 DEOPT PACKING pc=0x00000243e753eb00 sp=0x000000ba278f70d0
Event: 11.756 Thread 0x00000243f8b87040 DEOPT UNPACKING pc=0x00000243df7f23a3 sp=0x000000ba278f7048 mode 2
Event: 11.892 Thread 0x00000243f8b87040 DEOPT PACKING pc=0x00000243dfdee34b sp=0x000000ba278f5fd0
Event: 11.892 Thread 0x00000243f8b87040 DEOPT UNPACKING pc=0x00000243df7f2b43 sp=0x000000ba278f54f0 mode 0
Event: 11.892 Thread 0x00000243f8b87040 Uncommon trap: trap_request=0xffffff45 fr.pc=0x00000243e7296064 relative=0x0000000000000064
Event: 11.892 Thread 0x00000243f8b87040 Uncommon trap: reason=unstable_if action=reinterpret pc=0x00000243e7296064 method=java.io.WinNTFileSystem.isSlash(C)Z @ 9 c2
Event: 11.892 Thread 0x00000243f8b87040 DEOPT PACKING pc=0x00000243e7296064 sp=0x000000ba278f5ff0
Event: 11.892 Thread 0x00000243f8b87040 DEOPT UNPACKING pc=0x00000243df7f23a3 sp=0x000000ba278f5f78 mode 2
Event: 11.983 Thread 0x00000243f8b87040 Uncommon trap: trap_request=0xffffff45 fr.pc=0x00000243e73efbbc relative=0x000000000000035c
Event: 11.983 Thread 0x00000243f8b87040 Uncommon trap: reason=unstable_if action=reinterpret pc=0x00000243e73efbbc method=com.google.common.reflect.TypeResolver$TypeVariableKey.equalsTypeVariable(Ljava/lang/reflect/TypeVariable;)Z @ 39 c2
Event: 11.983 Thread 0x00000243f8b87040 DEOPT PACKING pc=0x00000243e73efbbc sp=0x000000ba278f36a0
Event: 11.983 Thread 0x00000243f8b87040 DEOPT UNPACKING pc=0x00000243df7f23a3 sp=0x000000ba278f3650 mode 2
Event: 12.054 Thread 0x00000243f8b87040 Uncommon trap: trap_request=0xffffff45 fr.pc=0x00000243e7560304 relative=0x00000000000001e4
Event: 12.054 Thread 0x00000243f8b87040 Uncommon trap: reason=unstable_if action=reinterpret pc=0x00000243e7560304 method=java.security.SecureClassLoader$CodeSourceKey.hashCode()I @ 9 c2
Event: 12.054 Thread 0x00000243f8b87040 DEOPT PACKING pc=0x00000243e7560304 sp=0x000000ba278f2000
Event: 12.054 Thread 0x00000243f8b87040 DEOPT UNPACKING pc=0x00000243df7f23a3 sp=0x000000ba278f1f90 mode 2
Event: 12.054 Thread 0x00000243f8b87040 Uncommon trap: trap_request=0xffffff45 fr.pc=0x00000243e7557e68 relative=0x0000000000000c48
Event: 12.054 Thread 0x00000243f8b87040 Uncommon trap: reason=unstable_if action=reinterpret pc=0x00000243e7557e68 method=java.lang.ClassLoader.defineClassSourceLocation(Ljava/security/ProtectionDomain;)Ljava/lang/String; @ 15 c2
Event: 12.055 Thread 0x00000243f8b87040 DEOPT PACKING pc=0x00000243e7557e68 sp=0x000000ba278f20d0
Event: 12.055 Thread 0x00000243f8b87040 DEOPT UNPACKING pc=0x00000243df7f23a3 sp=0x000000ba278f1ff0 mode 2

Classes unloaded (0 events):
No events

Classes redefined (0 events):
No events

Internal exceptions (20 events):
Event: 11.373 Thread 0x00000243f8b87040 Exception <a 'java/lang/ClassNotFoundException'{0x00000000877eb300}: org/gradle/api/internal/project/DefaultProjectBeanInfo> (0x00000000877eb300) 
thrown [t:\workspace\open\src\hotspot\share\classfile\systemDictionary.cpp, line 256]
Event: 11.374 Thread 0x00000243f8b87040 Exception <a 'java/lang/ClassNotFoundException'{0x0000000085600f50}: org/gradle/api/internal/project/DefaultProjectCustomizer> (0x0000000085600f50) 
thrown [t:\workspace\open\src\hotspot\share\classfile\systemDictionary.cpp, line 256]
Event: 11.381 Thread 0x00000243f8b87040 Exception <a 'java/lang/ClassNotFoundException'{0x00000000856b2c38}: org/gradle/api/internal/project/DefaultProject_DecoratedCustomizer> (0x00000000856b2c38) 
thrown [t:\workspace\open\src\hotspot\share\classfile\systemDictionary.cpp, line 256]
Event: 11.433 Thread 0x00000243f8b87040 Exception <a 'java/lang/IncompatibleClassChangeError'{0x0000000085455d60}: Found class java.lang.Object, but interface was expected> (0x0000000085455d60) 
thrown [t:\workspace\open\src\hotspot\share\interpreter\linkResolver.cpp, line 833]
Event: 11.475 Thread 0x00000243f8b87040 Exception <a 'java/lang/ClassNotFoundException'{0x0000000084ff3e38}: org/gradle/api/internal/project/DefaultAntBuilderBeanInfo> (0x0000000084ff3e38) 
thrown [t:\workspace\open\src\hotspot\share\classfile\systemDictionary.cpp, line 256]
Event: 11.476 Thread 0x00000243f8b87040 Exception <a 'java/lang/ClassNotFoundException'{0x0000000084e0b888}: org/gradle/api/internal/project/ant/BasicAntBuilderBeanInfo> (0x0000000084e0b888) 
thrown [t:\workspace\open\src\hotspot\share\classfile\systemDictionary.cpp, line 256]
Event: 11.478 Thread 0x00000243f8b87040 Exception <a 'java/lang/ClassNotFoundException'{0x0000000084e22358}: org/gradle/api/AntBuilderBeanInfo> (0x0000000084e22358) 
thrown [t:\workspace\open\src\hotspot\share\classfile\systemDictionary.cpp, line 256]
Event: 11.479 Thread 0x00000243f8b87040 Exception <a 'java/lang/ClassNotFoundException'{0x0000000084e3b148}: groovy/ant/AntBuilderBeanInfo> (0x0000000084e3b148) 
thrown [t:\workspace\open\src\hotspot\share\classfile\systemDictionary.cpp, line 256]
Event: 11.481 Thread 0x00000243f8b87040 Exception <a 'java/lang/ClassNotFoundException'{0x0000000084ea8978}: groovy/util/BuilderSupportBeanInfo> (0x0000000084ea8978) 
thrown [t:\workspace\open\src\hotspot\share\classfile\systemDictionary.cpp, line 256]
Event: 11.483 Thread 0x00000243f8b87040 Exception <a 'java/lang/ClassNotFoundException'{0x0000000084d10c98}: groovy/util/BuilderSupportCustomizer> (0x0000000084d10c98) 
thrown [t:\workspace\open\src\hotspot\share\classfile\systemDictionary.cpp, line 256]
Event: 11.486 Thread 0x00000243f8b87040 Exception <a 'java/lang/ClassNotFoundException'{0x0000000084d2bee8}: groovy/ant/AntBuilderCustomizer> (0x0000000084d2bee8) 
thrown [t:\workspace\open\src\hotspot\share\classfile\systemDictionary.cpp, line 256]
Event: 11.490 Thread 0x00000243f8b87040 Exception <a 'java/lang/ClassNotFoundException'{0x0000000084d478f0}: org/gradle/api/AntBuilderCustomizer> (0x0000000084d478f0) 
thrown [t:\workspace\open\src\hotspot\share\classfile\systemDictionary.cpp, line 256]
Event: 11.493 Thread 0x00000243f8b87040 Exception <a 'java/lang/ClassNotFoundException'{0x0000000084d69570}: org/gradle/api/internal/project/ant/BasicAntBuilderCustomizer> (0x0000000084d69570) 
thrown [t:\workspace\open\src\hotspot\share\classfile\systemDictionary.cpp, line 256]
Event: 11.496 Thread 0x00000243f8b87040 Exception <a 'java/lang/ClassNotFoundException'{0x0000000084d92910}: org/gradle/api/internal/project/DefaultAntBuilderCustomizer> (0x0000000084d92910) 
thrown [t:\workspace\open\src\hotspot\share\classfile\systemDictionary.cpp, line 256]
Event: 11.550 Thread 0x00000243f8b87040 Exception <a 'java/lang/IncompatibleClassChangeError'{0x0000000084b18ad0}: Found class java.lang.Object, but interface was expected> (0x0000000084b18ad0) 
thrown [t:\workspace\open\src\hotspot\share\interpreter\linkResolver.cpp, line 833]
Event: 11.719 Thread 0x00000243f8b87040 Exception <a 'java/lang/NoSuchMethodError'{0x00000000846e6fd0}: 'java.lang.Object java.lang.invoke.DirectMethodHandle$Holder.newInvokeSpecial(java.lang.Object, java.lang.Object, java.lang.Object, java.lang.Object, int)'> (0x00000000846e6fd0) 
thrown [t:\workspace\open\src\hotspot\share\interpreter\linkResolver.cpp, line 766]
Event: 11.719 Thread 0x00000243f8b87040 Exception <a 'java/lang/NoSuchMethodError'{0x00000000846ec418}: 'java.lang.Object java.lang.invoke.DirectMethodHandle$Holder.invokeSpecial(java.lang.Object, java.lang.Object, java.lang.Object, java.lang.Object, java.lang.Object, int)'> (0x00000000846ec418) 
thrown [t:\workspace\open\src\hotspot\share\interpreter\linkResolver.cpp, line 766]
Event: 11.720 Thread 0x00000243f8b87040 Exception <a 'java/lang/NoSuchMethodError'{0x00000000846f1198}: 'java.lang.Object java.lang.invoke.Invokers$Holder.linkToTargetMethod(java.lang.Object, java.lang.Object, java.lang.Object, int, java.lang.Object)'> (0x00000000846f1198) 
thrown [t:\workspace\open\src\hotspot\share\interpreter\linkResolver.cpp, line 766]
Event: 12.054 Thread 0x00000243f8b87040 Implicit null exception at 0x00000243e7560159 to 0x00000243e75602f4
Event: 12.054 Thread 0x00000243f8b87040 Implicit null exception at 0x00000243e7557796 to 0x00000243e7557e14

VM Operations (20 events):
Event: 10.929 Executing VM operation: HandshakeAllThreads
Event: 10.929 Executing VM operation: HandshakeAllThreads done
Event: 11.203 Executing VM operation: ICBufferFull
Event: 11.203 Executing VM operation: ICBufferFull done
Event: 11.203 Executing VM operation: ICBufferFull
Event: 11.204 Executing VM operation: ICBufferFull done
Event: 11.297 Executing VM operation: HandshakeAllThreads
Event: 11.297 Executing VM operation: HandshakeAllThreads done
Event: 11.330 Executing VM operation: G1TryInitiateConcMark
Event: 11.334 Executing VM operation: G1TryInitiateConcMark done
Event: 11.655 Executing VM operation: HandshakeAllThreads
Event: 11.655 Executing VM operation: HandshakeAllThreads done
Event: 11.680 Executing VM operation: HandshakeAllThreads
Event: 11.680 Executing VM operation: HandshakeAllThreads done
Event: 11.687 Executing VM operation: ICBufferFull
Event: 11.687 Executing VM operation: ICBufferFull done
Event: 11.698 Executing VM operation: HandshakeAllThreads
Event: 11.698 Executing VM operation: HandshakeAllThreads done
Event: 12.012 Executing VM operation: G1CollectForAllocation
Event: 12.016 Executing VM operation: G1CollectForAllocation done

Events (20 events):
Event: 12.032 loading class com/sun/org/apache/xerces/internal/utils/XMLSecurityPropertyManager$State done
Event: 12.032 loading class com/sun/org/apache/xerces/internal/utils/XMLSecurityPropertyManager$Property
Event: 12.032 loading class com/sun/org/apache/xerces/internal/utils/XMLSecurityPropertyManager$Property done
Event: 12.051 loading class javax/management/InstanceNotFoundException
Event: 12.051 loading class javax/management/InstanceNotFoundException done
Event: 12.051 loading class javax/management/ReflectionException
Event: 12.051 loading class javax/management/ReflectionException done
Event: 12.051 loading class javax/management/MalformedObjectNameException
Event: 12.051 loading class javax/management/MalformedObjectNameException done
Event: 12.051 loading class javax/management/MBeanException
Event: 12.051 loading class javax/management/MBeanException done
Event: 12.051 loading class javax/management/AttributeNotFoundException
Event: 12.052 loading class javax/management/AttributeNotFoundException done
Event: 12.052 loading class sun/reflect/misc/MethodUtil
Event: 12.053 loading class sun/reflect/misc/MethodUtil done
Event: 12.053 loading class sun/reflect/misc/MethodUtil$1
Event: 12.053 loading class sun/reflect/misc/MethodUtil$1 done
Event: 12.058 Thread 0x00000243fc20bfb0 Thread added: 0x00000243fc20bfb0
Event: 12.062 loading class java/lang/Byte$ByteCache
Event: 12.062 loading class java/lang/Byte$ByteCache done


Dynamic libraries:
0x00007ff716f60000 - 0x00007ff716f70000 	C:\Program Files\Java\jdk-17.0.3.1\bin\java.exe
0x00007ffef3ef0000 - 0x00007ffef4107000 	C:\WINDOWS\SYSTEM32\ntdll.dll
0x00007ffef2ad0000 - 0x00007ffef2b94000 	C:\WINDOWS\System32\KERNEL32.DLL
0x00007ffef1600000 - 0x00007ffef19a6000 	C:\WINDOWS\System32\KERNELBASE.dll
0x00007ffef19b0000 - 0x00007ffef1ac1000 	C:\WINDOWS\System32\ucrtbase.dll
0x00007ffeea9a0000 - 0x00007ffeea9b8000 	C:\Program Files\Java\jdk-17.0.3.1\bin\jli.dll
0x00007ffee9570000 - 0x00007ffee958a000 	C:\Program Files\Java\jdk-17.0.3.1\bin\VCRUNTIME140.dll
0x00007ffef25d0000 - 0x00007ffef2683000 	C:\WINDOWS\System32\ADVAPI32.dll
0x00007ffef2a20000 - 0x00007ffef2ac7000 	C:\WINDOWS\System32\msvcrt.dll
0x00007ffef2f00000 - 0x00007ffef2fa8000 	C:\WINDOWS\System32\sechost.dll
0x00007ffef14b0000 - 0x00007ffef14d8000 	C:\WINDOWS\System32\bcrypt.dll
0x00007ffef2ba0000 - 0x00007ffef2cb7000 	C:\WINDOWS\System32\RPCRT4.dll
0x00007ffef2cc0000 - 0x00007ffef2e6e000 	C:\WINDOWS\System32\USER32.dll
0x00007ffef12b0000 - 0x00007ffef12d6000 	C:\WINDOWS\System32\win32u.dll
0x00007ffede660000 - 0x00007ffede8f3000 	C:\WINDOWS\WinSxS\amd64_microsoft.windows.common-controls_6595b64144ccf1df_6.0.22621.2506_none_270c5ae97388e100\COMCTL32.dll
0x00007ffef2e70000 - 0x00007ffef2e99000 	C:\WINDOWS\System32\GDI32.dll
0x00007ffef14e0000 - 0x00007ffef15f8000 	C:\WINDOWS\System32\gdi32full.dll
0x00007ffef1410000 - 0x00007ffef14aa000 	C:\WINDOWS\System32\msvcp_win.dll
0x00007ffee6290000 - 0x00007ffee629a000 	C:\WINDOWS\SYSTEM32\VERSION.dll
0x00007ffef31b0000 - 0x00007ffef31e1000 	C:\WINDOWS\System32\IMM32.DLL
0x00007ffeec560000 - 0x00007ffeec56c000 	C:\Program Files\Java\jdk-17.0.3.1\bin\vcruntime140_1.dll
0x00007ffeb2490000 - 0x00007ffeb251d000 	C:\Program Files\Java\jdk-17.0.3.1\bin\msvcp140.dll
0x00007ffe992c0000 - 0x00007ffe99e80000 	C:\Program Files\Java\jdk-17.0.3.1\bin\server\jvm.dll
0x00007ffef1c40000 - 0x00007ffef1c48000 	C:\WINDOWS\System32\PSAPI.DLL
0x00007ffee94d0000 - 0x00007ffee9504000 	C:\WINDOWS\SYSTEM32\WINMM.dll
0x00007ffedb4e0000 - 0x00007ffedb4e9000 	C:\WINDOWS\SYSTEM32\WSOCK32.dll
0x00007ffef3c80000 - 0x00007ffef3cf1000 	C:\WINDOWS\System32\WS2_32.dll
0x00007ffef0240000 - 0x00007ffef0258000 	C:\WINDOWS\SYSTEM32\kernel.appcore.dll
0x00007ffeeb320000 - 0x00007ffeeb32a000 	C:\Program Files\Java\jdk-17.0.3.1\bin\jimage.dll
0x00007ffeee9e0000 - 0x00007ffeeec13000 	C:\WINDOWS\SYSTEM32\DBGHELP.DLL
0x00007ffef1db0000 - 0x00007ffef2139000 	C:\WINDOWS\System32\combase.dll
0x00007ffef2780000 - 0x00007ffef2857000 	C:\WINDOWS\System32\OLEAUT32.dll
0x00007ffed3330000 - 0x00007ffed3362000 	C:\WINDOWS\SYSTEM32\dbgcore.DLL
0x00007ffef1230000 - 0x00007ffef12aa000 	C:\WINDOWS\System32\bcryptPrimitives.dll
0x00007ffed40c0000 - 0x00007ffed40e5000 	C:\Program Files\Java\jdk-17.0.3.1\bin\java.dll
0x00007ffeaef20000 - 0x00007ffeaeff6000 	C:\Program Files\Java\jdk-17.0.3.1\bin\jsvml.dll
0x00007ffef3210000 - 0x00007ffef3a6b000 	C:\WINDOWS\System32\SHELL32.dll
0x00007ffeef140000 - 0x00007ffeefa36000 	C:\WINDOWS\SYSTEM32\windows.storage.dll
0x00007ffeef000000 - 0x00007ffeef13e000 	C:\WINDOWS\SYSTEM32\wintypes.dll
0x00007ffef3030000 - 0x00007ffef3123000 	C:\WINDOWS\System32\SHCORE.dll
0x00007ffef2720000 - 0x00007ffef277e000 	C:\WINDOWS\System32\shlwapi.dll
0x00007ffef1160000 - 0x00007ffef1186000 	C:\WINDOWS\SYSTEM32\profapi.dll
0x00007ffee9550000 - 0x00007ffee9569000 	C:\Program Files\Java\jdk-17.0.3.1\bin\net.dll
0x00007ffee9f70000 - 0x00007ffeea0a7000 	C:\WINDOWS\SYSTEM32\WINHTTP.dll
0x00007ffef06c0000 - 0x00007ffef0729000 	C:\WINDOWS\system32\mswsock.dll
0x00007ffed40a0000 - 0x00007ffed40b6000 	C:\Program Files\Java\jdk-17.0.3.1\bin\nio.dll
0x00007ffecefd0000 - 0x00007ffecefe8000 	C:\Program Files\Java\jdk-17.0.3.1\bin\zip.dll
0x00007ffee95c0000 - 0x00007ffee95d0000 	C:\Program Files\Java\jdk-17.0.3.1\bin\verify.dll
0x00007ffed47a0000 - 0x00007ffed47c7000 	C:\Users\perer\.gradle\native\68d5fa5c4cc2d200863cafc0d521ce42e7d3e7ee720ec0a83991735586a16f82\windows-amd64\native-platform.dll
0x00007ffed7920000 - 0x00007ffed7a64000 	C:\Users\perer\.gradle\native\e376f236ea51e6404a007f0833ffe2c6e607c4080706a723a18a27aeea778392\windows-amd64\native-platform-file-events.dll
0x00007ffee6880000 - 0x00007ffee6889000 	C:\Program Files\Java\jdk-17.0.3.1\bin\management.dll
0x00007ffed4090000 - 0x00007ffed409b000 	C:\Program Files\Java\jdk-17.0.3.1\bin\management_ext.dll
0x00007ffef0940000 - 0x00007ffef095b000 	C:\WINDOWS\SYSTEM32\CRYPTSP.dll
0x00007ffef01a0000 - 0x00007ffef01d5000 	C:\WINDOWS\system32\rsaenh.dll
0x00007ffef07c0000 - 0x00007ffef07ec000 	C:\WINDOWS\SYSTEM32\USERENV.dll
0x00007ffef0960000 - 0x00007ffef096c000 	C:\WINDOWS\SYSTEM32\CRYPTBASE.dll
0x00007ffeefce0000 - 0x00007ffeefd0d000 	C:\WINDOWS\SYSTEM32\IPHLPAPI.DLL
0x00007ffef3a70000 - 0x00007ffef3a79000 	C:\WINDOWS\System32\NSI.dll
0x00007ffee9d60000 - 0x00007ffee9d79000 	C:\WINDOWS\SYSTEM32\dhcpcsvc6.DLL
0x00007ffee9d40000 - 0x00007ffee9d5f000 	C:\WINDOWS\SYSTEM32\dhcpcsvc.DLL
0x00007ffeefd10000 - 0x00007ffeefe09000 	C:\WINDOWS\SYSTEM32\DNSAPI.dll
0x00007ffece5c0000 - 0x00007ffece5ce000 	C:\Program Files\Java\jdk-17.0.3.1\bin\sunmscapi.dll
0x00007ffef1ad0000 - 0x00007ffef1c36000 	C:\WINDOWS\System32\CRYPT32.dll
0x00007ffef0b00000 - 0x00007ffef0b2e000 	C:\WINDOWS\SYSTEM32\ncrypt.dll
0x00007ffef0ac0000 - 0x00007ffef0af7000 	C:\WINDOWS\SYSTEM32\NTASN1.dll
0x00007ffec36e0000 - 0x00007ffec36e8000 	C:\WINDOWS\system32\wshunix.dll

dbghelp: loaded successfully - version: 4.0.5 - missing functions: none
symbol engine: initialized successfully - sym options: 0x614 - pdb path: .;C:\Program Files\Java\jdk-17.0.3.1\bin;C:\WINDOWS\SYSTEM32;C:\WINDOWS\WinSxS\amd64_microsoft.windows.common-controls_6595b64144ccf1df_6.0.22621.2506_none_270c5ae97388e100;C:\Program Files\Java\jdk-17.0.3.1\bin\server;C:\Users\perer\.gradle\native\68d5fa5c4cc2d200863cafc0d521ce42e7d3e7ee720ec0a83991735586a16f82\windows-amd64;C:\Users\perer\.gradle\native\e376f236ea51e6404a007f0833ffe2c6e607c4080706a723a18a27aeea778392\windows-amd64

VM Arguments:
jvm_args: -XX:MaxMetaspaceSize=512m --add-opens=java.base/java.util=ALL-UNNAMED --add-opens=java.base/java.lang=ALL-UNNAMED --add-opens=java.base/java.lang.invoke=ALL-UNNAMED --add-opens=java.prefs/java.util.prefs=ALL-UNNAMED --add-opens=java.base/java.nio.charset=ALL-UNNAMED --add-opens=java.base/java.net=ALL-UNNAMED --add-opens=java.base/java.util.concurrent.atomic=ALL-UNNAMED -Xmx2048m -Dfile.encoding=windows-1252 -Duser.country=US -Duser.language=en -Duser.variant 
java_command: org.gradle.launcher.daemon.bootstrap.GradleDaemon 8.0.1
java_class_path (initial): C:\Users\perer\.gradle\wrapper\dists\gradle-8.0.1-all\aro4hu1c3oeioove7l0i4i14o\gradle-8.0.1\lib\gradle-launcher-8.0.1.jar
Launcher Type: SUN_STANDARD

[Global flags]
     intx CICompilerCount                          = 4                                         {product} {ergonomic}
   size_t CompressedClassSpaceSize                 = 432013312                                 {product} {ergonomic}
     uint ConcGCThreads                            = 3                                         {product} {ergonomic}
     uint G1ConcRefinementThreads                  = 10                                        {product} {ergonomic}
   size_t G1HeapRegionSize                         = 1048576                                   {product} {ergonomic}
    uintx GCDrainStackTargetSize                   = 64                                        {product} {ergonomic}
   size_t InitialHeapSize                          = 125829120                                 {product} {ergonomic}
   size_t MarkStackSize                            = 4194304                                   {product} {ergonomic}
   size_t MaxHeapSize                              = 2147483648                                {product} {command line}
   size_t MaxMetaspaceSize                         = 536870912                                 {product} {command line}
   size_t MaxNewSize                               = 1287651328                                {product} {ergonomic}
   size_t MinHeapDeltaBytes                        = 1048576                                   {product} {ergonomic}
   size_t MinHeapSize                              = 8388608                                   {product} {ergonomic}
    uintx NonNMethodCodeHeapSize                   = 5839372                                {pd product} {ergonomic}
    uintx NonProfiledCodeHeapSize                  = 122909434                              {pd product} {ergonomic}
    uintx ProfiledCodeHeapSize                     = 122909434                              {pd product} {ergonomic}
    uintx ReservedCodeCacheSize                    = 251658240                              {pd product} {ergonomic}
     bool SegmentedCodeCache                       = true                                      {product} {ergonomic}
   size_t SoftMaxHeapSize                          = 2147483648                             {manageable} {ergonomic}
     bool UseCompressedClassPointers               = true                           {product lp64_product} {ergonomic}
     bool UseCompressedOops                        = true                           {product lp64_product} {ergonomic}
     bool UseG1GC                                  = true                                      {product} {ergonomic}
     bool UseLargePagesIndividualAllocation        = false                                  {pd product} {ergonomic}

Logging:
Log output configuration:
 #0: stdout all=warning uptime,level,tags
 #1: stderr all=off uptime,level,tags

Environment Variables:
CLASSPATH=C:\Users\perer\Downloads\Compressed\Coffee-Shop-App-main_2\Coffee-Shop-App-main\android\\gradle\wrapper\gradle-wrapper.jar
PATH=C:\Users\perer\Downloads\Compressed\Coffee-Shop-App-main_2\Coffee-Shop-App-main\node_modules\.bin;C:\Users\perer\Downloads\Compressed\Coffee-Shop-App-main_2\Coffee-Shop-App-main\node_modules\.bin;C:\Users\perer\Downloads\Compressed\Coffee-Shop-App-main_2\node_modules\.bin;C:\Users\perer\Downloads\Compressed\node_modules\.bin;C:\Users\perer\Downloads\node_modules\.bin;C:\Users\perer\node_modules\.bin;C:\Users\node_modules\.bin;C:\node_modules\.bin;C:\Users\perer\AppData\Roaming\npm\node_modules\npm\node_modules\@npmcli\run-script\lib\node-gyp-bin;C:\Python312\Scripts\;C:\Python312\;C:\Program Files\Common Files\Oracle\Java\javapath;C:\Program Files (x86)\Common Files\Oracle\Java\javapath;C:\Program Files (x86)\Common Files\Intel\Shared Libraries\redist\intel64\compiler;C:\WINDOWS\system32;C:\WINDOWS;C:\WINDOWS\System32\Wbem;C:\WINDOWS\System32\WindowsPowerShell\v1.0\;C:\WINDOWS\System32\OpenSSH\;C:\Program Files\Java\jdk-17.0.3.1\bin;C:\Program Files\Git\cmd;C:\Program Files\Microsoft SQL Server\150\Tools\Binn\;C:\Program Files\dotnet\;C:\Users\perer\AppData\Local\Android\sdk\build-tools\33.0.2\aapt.;C:\Program Files\Polyspace\R2021a\runtime\win64;C:\Program Files\Polyspace\R2021a\bin;C:\xampp\php;C:\Program Files\nodejs\;C:\ProgramData\chocolatey\bin;;C:\Program Files\Docker\Docker\resources\bin;C:\Users\perer\AppData\Local\Microsoft\WindowsApps;C:\Users\perer\AppData\Local\Programs\Microsoft VS Code\bin;C:\Users\perer\.dotnet\tools;dart-sdk;C:\src\flutter_windows_3.3.2-stable\flutter\bin;C:\Users\perer\AppData\Local\GitHubDesktop\bin;C:\Users\perer\AppData\Roaming\npm;C:\Program Files\JetBrains\PyCharm 2022.1\bin;;C:\Program Files\JetBrains\PyCharm Community Edition 2023.3.1\bin;;C:\Program Files\JetBrains\IntelliJ IDEA 2021.2.3\bin;;C:\Users\perer\AppData\Local\Android\Sdk\platform-tools;C:\Users\perer\AppData\Local\Android\Sdk\tools;C:\Users\perer\AppData\Local\Android\Sdk\tools\bin;
USERNAME=perer
LANG=en_US.UTF-8
OS=Windows_NT
PROCESSOR_IDENTIFIER=AMD64 Family 23 Model 104 Stepping 1, AuthenticAMD



---------------  S Y S T E M  ---------------

OS:
 Windows 11 , 64 bit Build 22621 (10.0.22621.3085)
OS uptime: 3 days 12:06 hours
Hyper-V role detected

CPU: total 12 (initial active 12) (12 cores per cpu, 2 threads per core) family 23 model 104 stepping 1 microcode 0x0, cx8, cmov, fxsr, ht, mmx, 3dnowpref, sse, sse2, sse3, ssse3, sse4a, sse4.1, sse4.2, popcnt, lzcnt, tsc, tscinvbit, avx, avx2, aes, clmul, bmi1, bmi2, adx, sha, fma, vzeroupper, clflush, clflushopt, hv

Memory: 4k page, system-wide physical 7561M (1107M free)
TotalPageFile size 31113M (AvailPageFile size 4M)
current process WorkingSet (physical memory assigned to process): 268M, peak: 269M
current process commit charge ("private bytes"): 314M, peak: 315M

vm_info: Java HotSpot(TM) 64-Bit Server VM (17.0.3.1+2-LTS-6) for windows-amd64 JRE (17.0.3.1+2-LTS-6), built on Apr 25 2022 22:04:21 by "mach5one" with MS VC++ 16.8 / 16.9 (VS2019)

END.
